#
# There is insufficient memory for the Java Runtime Environment to continue.
# Native memory allocation (malloc) failed to allocate 32744 bytes for ChunkPool::allocate
# Possible reasons:
#   The system is out of physical RAM or swap space
#   The process is running with CompressedOops enabled, and the Java Heap may be blocking the growth of the native heap
# Possible solutions:
#   Reduce memory load on the system
#   Increase physical memory or swap space
#   Check if swap backing store is full
#   Decrease Java heap size (-Xmx/-Xms)
#   Decrease number of Java threads
#   Decrease Java thread stack sizes (-Xss)
#   Set larger code cache with -XX:ReservedCodeCacheSize=
#   JVM is running with Unscaled Compressed Oops mode in which the Java heap is
#     placed in the first 4GB address space. The Java Heap base address is the
#     maximum limit for the native heap growth. Please use -XX:HeapBaseMinAddress
#     to set the Java Heap base and to place the Java Heap above 4GB virtual address.
# This output file may be truncated or incomplete.
#
#  Out of Memory Error (allocation.cpp:272), pid=31484, tid=0x0000000000002d94
#
# JRE version: Java(TM) SE Runtime Environment (8.0_271-b09) (build 1.8.0_271-b09)
# Java VM: Java HotSpot(TM) 64-Bit Server VM (25.271-b09 mixed mode windows-amd64 compressed oops)
# Failed to write core dump. Minidumps are not enabled by default on client versions of Windows
#

---------------  T H R E A D  ---------------

Current thread (0x0000028e6a33d800):  JavaThread "main" [_thread_in_vm, id=11668, stack(0x000000fa85d00000,0x000000fa85e00000)]

Stack: [0x000000fa85d00000,0x000000fa85e00000]
Native frames: (J=compiled Java code, j=interpreted, Vv=VM code, C=native code)
V  [jvm.dll+0x33f6c9]
V  [jvm.dll+0x286122]
V  [jvm.dll+0x286dcd]
V  [jvm.dll+0x27d805]
V  [jvm.dll+0xe5bed]
V  [jvm.dll+0xe5f4c]
V  [jvm.dll+0x7cae8]
V  [jvm.dll+0x7c61a]
V  [jvm.dll+0x7bb00]
V  [jvm.dll+0x6abe1]
V  [jvm.dll+0x94cc2]
V  [jvm.dll+0x19145c]
V  [jvm.dll+0x19875e]
C  [java.dll+0x1a34]
C  0x0000028e6bca0c07

Java frames: (J=compiled Java code, j=interpreted, Vv=VM code)
j  java.lang.ClassLoader.defineClass1(Ljava/lang/String;[BIILjava/security/ProtectionDomain;Ljava/lang/String;)Ljava/lang/Class;+0
j  java.lang.ClassLoader.defineClass(Ljava/lang/String;[BIILjava/security/ProtectionDomain;)Ljava/lang/Class;+27
j  java.security.SecureClassLoader.defineClass(Ljava/lang/String;[BIILjava/security/CodeSource;)Ljava/lang/Class;+12
j  java.net.URLClassLoader.defineClass(Ljava/lang/String;Lsun/misc/Resource;)Ljava/lang/Class;+138
j  java.net.URLClassLoader.access$100(Ljava/net/URLClassLoader;Ljava/lang/String;Lsun/misc/Resource;)Ljava/lang/Class;+3
j  java.net.URLClassLoader$1.run()Ljava/lang/Class;+43
j  java.net.URLClassLoader$1.run()Ljava/lang/Object;+1
v  ~StubRoutines::call_stub
j  java.security.AccessController.doPrivileged(Ljava/security/PrivilegedExceptionAction;Ljava/security/AccessControlContext;)Ljava/lang/Object;+0
j  java.net.URLClassLoader.findClass(Ljava/lang/String;)Ljava/lang/Class;+13
j  java.lang.ClassLoader.loadClass(Ljava/lang/String;Z)Ljava/lang/Class;+70
j  sun.misc.Launcher$AppClassLoader.loadClass(Ljava/lang/String;Z)Ljava/lang/Class;+81
j  java.lang.ClassLoader.loadClass(Ljava/lang/String;)Ljava/lang/Class;+3
v  ~StubRoutines::call_stub
j  java.lang.ClassLoader.defineClass1(Ljava/lang/String;[BIILjava/security/ProtectionDomain;Ljava/lang/String;)Ljava/lang/Class;+0
j  java.lang.ClassLoader.defineClass(Ljava/lang/String;[BIILjava/security/ProtectionDomain;)Ljava/lang/Class;+27
j  java.security.SecureClassLoader.defineClass(Ljava/lang/String;[BIILjava/security/CodeSource;)Ljava/lang/Class;+12
j  java.net.URLClassLoader.defineClass(Ljava/lang/String;Lsun/misc/Resource;)Ljava/lang/Class;+138
j  java.net.URLClassLoader.access$100(Ljava/net/URLClassLoader;Ljava/lang/String;Lsun/misc/Resource;)Ljava/lang/Class;+3
j  java.net.URLClassLoader$1.run()Ljava/lang/Class;+43
j  java.net.URLClassLoader$1.run()Ljava/lang/Object;+1
v  ~StubRoutines::call_stub
j  java.security.AccessController.doPrivileged(Ljava/security/PrivilegedExceptionAction;Ljava/security/AccessControlContext;)Ljava/lang/Object;+0
j  java.net.URLClassLoader.findClass(Ljava/lang/String;)Ljava/lang/Class;+13
j  java.lang.ClassLoader.loadClass(Ljava/lang/String;Z)Ljava/lang/Class;+70
j  sun.misc.Launcher$AppClassLoader.loadClass(Ljava/lang/String;Z)Ljava/lang/Class;+81
j  java.lang.ClassLoader.loadClass(Ljava/lang/String;)Ljava/lang/Class;+3
v  ~StubRoutines::call_stub
j  java.lang.ClassLoader.defineClass1(Ljava/lang/String;[BIILjava/security/ProtectionDomain;Ljava/lang/String;)Ljava/lang/Class;+0
j  java.lang.ClassLoader.defineClass(Ljava/lang/String;[BIILjava/security/ProtectionDomain;)Ljava/lang/Class;+27
j  java.security.SecureClassLoader.defineClass(Ljava/lang/String;[BIILjava/security/CodeSource;)Ljava/lang/Class;+12
j  java.net.URLClassLoader.defineClass(Ljava/lang/String;Lsun/misc/Resource;)Ljava/lang/Class;+138
j  java.net.URLClassLoader.access$100(Ljava/net/URLClassLoader;Ljava/lang/String;Lsun/misc/Resource;)Ljava/lang/Class;+3
j  java.net.URLClassLoader$1.run()Ljava/lang/Class;+43
j  java.net.URLClassLoader$1.run()Ljava/lang/Object;+1
v  ~StubRoutines::call_stub
j  java.security.AccessController.doPrivileged(Ljava/security/PrivilegedExceptionAction;Ljava/security/AccessControlContext;)Ljava/lang/Object;+0
j  java.net.URLClassLoader.findClass(Ljava/lang/String;)Ljava/lang/Class;+13
j  java.lang.ClassLoader.loadClass(Ljava/lang/String;Z)Ljava/lang/Class;+70
j  sun.misc.Launcher$AppClassLoader.loadClass(Ljava/lang/String;Z)Ljava/lang/Class;+81
j  java.lang.ClassLoader.loadClass(Ljava/lang/String;)Ljava/lang/Class;+3
v  ~StubRoutines::call_stub
j  org.apache.logging.log4j.LogManager.<clinit>()V+0
v  ~StubRoutines::call_stub
j  lookaheadandlookbehind.LookAhead.<clinit>()V+2
v  ~StubRoutines::call_stub

---------------  P R O C E S S  ---------------

Java Threads: ( => current thread )
  0x0000028e02616800 JavaThread "Service Thread" daemon [_thread_blocked, id=16852, stack(0x000000fa87200000,0x000000fa87300000)]
  0x0000028e02587800 JavaThread "C1 CompilerThread3" daemon [_thread_blocked, id=584, stack(0x000000fa87100000,0x000000fa87200000)]
  0x0000028e02586000 JavaThread "C2 CompilerThread2" daemon [_thread_blocked, id=22748, stack(0x000000fa87000000,0x000000fa87100000)]
  0x0000028e02582000 JavaThread "C2 CompilerThread1" daemon [_thread_blocked, id=43224, stack(0x000000fa86f00000,0x000000fa87000000)]
  0x0000028e02577000 JavaThread "C2 CompilerThread0" daemon [_thread_blocked, id=7676, stack(0x000000fa86e00000,0x000000fa86f00000)]
  0x0000028e0110a000 JavaThread "JDWP Command Reader" daemon [_thread_in_native, id=17348, stack(0x000000fa86d00000,0x000000fa86e00000)]
  0x0000028e01109000 JavaThread "JDWP Event Helper Thread" daemon [_thread_blocked, id=36016, stack(0x000000fa86c00000,0x000000fa86d00000)]
  0x0000028e010f8800 JavaThread "JDWP Transport Listener: dt_socket" daemon [_thread_blocked, id=7984, stack(0x000000fa86b00000,0x000000fa86c00000)]
  0x0000028e010ef000 JavaThread "Attach Listener" daemon [_thread_blocked, id=24788, stack(0x000000fa86a00000,0x000000fa86b00000)]
  0x0000028e010ec800 JavaThread "Signal Dispatcher" daemon [_thread_blocked, id=35180, stack(0x000000fa86900000,0x000000fa86a00000)]
  0x0000028e010c6000 JavaThread "Finalizer" daemon [_thread_blocked, id=8632, stack(0x000000fa86800000,0x000000fa86900000)]
  0x0000028e010be000 JavaThread "Reference Handler" daemon [_thread_blocked, id=35000, stack(0x000000fa86700000,0x000000fa86800000)]
=>0x0000028e6a33d800 JavaThread "main" [_thread_in_vm, id=11668, stack(0x000000fa85d00000,0x000000fa85e00000)]

Other Threads:
  0x0000028e01093800 VMThread [stack: 0x000000fa86600000,0x000000fa86700000] [id=39616]
  0x0000028e0265f000 WatcherThread [stack: 0x000000fa87300000,0x000000fa87400000] [id=10980]

VM state:not at safepoint (normal execution)

VM Mutex/Monitor currently owned by a thread: None

heap address: 0x0000000080400000, size: 2044 MB, Compressed Oops mode: 32-bit
Narrow klass base: 0x0000000000000000, Narrow klass shift: 3
Compressed class space size: 1073741824 Address: 0x0000000100000000

Heap:
 PSYoungGen      total 38400K, used 4776K [0x00000000d5700000, 0x00000000d8180000, 0x0000000100000000)
  eden space 33280K, 14% used [0x00000000d5700000,0x00000000d5baa038,0x00000000d7780000)
  from space 5120K, 0% used [0x00000000d7c80000,0x00000000d7c80000,0x00000000d8180000)
  to   space 5120K, 0% used [0x00000000d7780000,0x00000000d7780000,0x00000000d7c80000)
 ParOldGen       total 87552K, used 0K [0x0000000080400000, 0x0000000085980000, 0x00000000d5700000)
  object space 87552K, 0% used [0x0000000080400000,0x0000000080400000,0x0000000085980000)
 Metaspace       used 3127K, capacity 4716K, committed 4864K, reserved 1056768K
  class space    used 319K, capacity 424K, committed 512K, reserved 1048576K

Card table byte_map: [0x0000028e7b040000,0x0000028e7b440000] byte_map_base: 0x0000028e7ac3e000

Marking Bits: (ParMarkBitMap*) 0x000000006f707fe0
 Begin Bits: [0x0000028e7b6f0000, 0x0000028e7d6e0000)
 End Bits:   [0x0000028e7d6e0000, 0x0000028e7f6d0000)

Polling page: 0x0000028e6a410000

CodeCache: size=245760Kb used=1223Kb max_used=1223Kb free=244536Kb
 bounds [0x0000028e6bc80000, 0x0000028e6bef0000, 0x0000028e7ac80000]
 total_blobs=306 nmethods=69 adapters=159
 compilation: enabled

Compilation events (10 events):
Event: 0.985 Thread 0x0000028e02587800   65       3       java.util.zip.ZipFile::ensureOpen (37 bytes)
Event: 0.985 Thread 0x0000028e02587800 nmethod 65 0x0000028e6bdace50 code [0x0000028e6bdacfe0, 0x0000028e6bdad380]
Event: 0.985 Thread 0x0000028e02587800   66       3       java.util.zip.ZipCoder::getBytes (192 bytes)
Event: 0.989 Thread 0x0000028e02587800 nmethod 66 0x0000028e6bdad510 code [0x0000028e6bdad8e0, 0x0000028e6bdafba0]
Event: 0.989 Thread 0x0000028e02587800   67       3       java.util.zip.ZipCoder::encoder (35 bytes)
Event: 0.989 Thread 0x0000028e02587800 nmethod 67 0x0000028e6bdb0f90 code [0x0000028e6bdb1120, 0x0000028e6bdb1790]
Event: 0.989 Thread 0x0000028e02587800   68       3       java.nio.charset.CharsetEncoder::reset (11 bytes)
Event: 0.989 Thread 0x0000028e02587800 nmethod 68 0x0000028e6bdb1950 code [0x0000028e6bdb1aa0, 0x0000028e6bdb1cd8]
Event: 0.989 Thread 0x0000028e02587800   69       3       java.nio.charset.CharsetEncoder::implReset (1 bytes)
Event: 0.990 Thread 0x0000028e02587800 nmethod 69 0x0000028e6bdb1d90 code [0x0000028e6bdb1ee0, 0x0000028e6bdb2038]

GC Heap History (0 events):
No events

Deoptimization events (0 events):
No events

Classes redefined (0 events):
No events

Internal exceptions (3 events):
Event: 0.195 Thread 0x0000028e6a33d800 Exception <a 'java/lang/NoSuchMethodError': Method sun.misc.Unsafe.defineClass(Ljava/lang/String;[BII)Ljava/lang/Class; name or signature does not match> (0x00000000d5707cc0) thrown at [C:\jenkins\workspace\8-2-build-windows-amd64-cygwin\jdk8u271\605\hots
Event: 0.195 Thread 0x0000028e6a33d800 Exception <a 'java/lang/NoSuchMethodError': Method sun.misc.Unsafe.prefetchRead(Ljava/lang/Object;J)V name or signature does not match> (0x00000000d5707fa8) thrown at [C:\jenkins\workspace\8-2-build-windows-amd64-cygwin\jdk8u271\605\hotspot\src\share\vm\p
Event: 0.912 Thread 0x0000028e6a33d800 Exception <a 'java/io/FileNotFoundException'> (0x00000000d5966e50) thrown at [C:\jenkins\workspace\8-2-build-windows-amd64-cygwin\jdk8u271\605\hotspot\src\share\vm\prims\jni.cpp, line 710]

Events (10 events):
Event: 0.966 loading class java/util/SortedMap
Event: 0.966 loading class java/util/SortedMap done
Event: 0.967 loading class org/apache/logging/log4j/spi/LoggerContextFactory
Event: 0.967 loading class org/apache/logging/log4j/spi/LoggerContextFactory done
Event: 0.978 loading class org/apache/logging/log4j/status/StatusLogger
Event: 0.978 loading class org/apache/logging/log4j/status/StatusLogger done
Event: 0.980 loading class org/apache/logging/log4j/spi/AbstractLogger
Event: 0.980 loading class org/apache/logging/log4j/spi/AbstractLogger done
Event: 0.984 loading class org/apache/logging/log4j/spi/ExtendedLogger
Event: 0.984 loading class org/apache/logging/log4j/spi/ExtendedLogger done


Dynamic libraries:
0x00007ff7e6700000 - 0x00007ff7e6747000 	C:\Program Files\Java\jdk1.8.0_271\bin\java.exe
0x00007ffaa3d60000 - 0x00007ffaa3f50000 	C:\Windows\SYSTEM32\ntdll.dll
0x00007ffaa1e90000 - 0x00007ffaa1f42000 	C:\Windows\System32\KERNEL32.DLL
0x00007ffaa18f0000 - 0x00007ffaa1b93000 	C:\Windows\System32\KERNELBASE.dll
0x00007ffaa1de0000 - 0x00007ffaa1e83000 	C:\Windows\System32\ADVAPI32.dll
0x00007ffaa3a90000 - 0x00007ffaa3b2e000 	C:\Windows\System32\msvcrt.dll
0x00007ffaa2a00000 - 0x00007ffaa2a97000 	C:\Windows\System32\sechost.dll
0x00007ffaa30b0000 - 0x00007ffaa31d0000 	C:\Windows\System32\RPCRT4.dll
0x00007ffaa2080000 - 0x00007ffaa2214000 	C:\Windows\System32\USER32.dll
0x00007ffaa1ca0000 - 0x00007ffaa1cc1000 	C:\Windows\System32\win32u.dll
0x00007ffaa3260000 - 0x00007ffaa3286000 	C:\Windows\System32\GDI32.dll
0x00007ffaa0cc0000 - 0x00007ffaa0e54000 	C:\Windows\System32\gdi32full.dll
0x00007ffaa1780000 - 0x00007ffaa181e000 	C:\Windows\System32\msvcp_win.dll
0x00007ffaa1ba0000 - 0x00007ffaa1c9a000 	C:\Windows\System32\ucrtbase.dll
0x00007ffa99300000 - 0x00007ffa99585000 	C:\Windows\WinSxS\amd64_microsoft.windows.common-controls_6595b64144ccf1df_6.0.18362.418_none_e6c6b287130d565d\COMCTL32.dll
0x00007ffaa2ad0000 - 0x00007ffaa2e06000 	C:\Windows\System32\combase.dll
0x00007ffaa1cd0000 - 0x00007ffaa1d50000 	C:\Windows\System32\bcryptPrimitives.dll
0x00007ffaa2aa0000 - 0x00007ffaa2ace000 	C:\Windows\System32\IMM32.DLL
0x00007ffa9a030000 - 0x00007ffa9a045000 	C:\Program Files\Java\jdk1.8.0_271\jre\bin\vcruntime140.dll
0x00007ffa8c2a0000 - 0x00007ffa8c33b000 	C:\Program Files\Java\jdk1.8.0_271\jre\bin\msvcp140.dll
0x000000006ef10000 - 0x000000006f77f000 	C:\Program Files\Java\jdk1.8.0_271\jre\bin\server\jvm.dll
0x00007ffaa3250000 - 0x00007ffaa3258000 	C:\Windows\System32\PSAPI.DLL
0x00007ffa9e880000 - 0x00007ffa9e889000 	C:\Windows\SYSTEM32\WSOCK32.dll
0x00007ffa9e960000 - 0x00007ffa9e984000 	C:\Windows\SYSTEM32\WINMM.dll
0x00007ffaa3970000 - 0x00007ffaa39df000 	C:\Windows\System32\WS2_32.dll
0x00007ffa99b80000 - 0x00007ffa99b8a000 	C:\Windows\SYSTEM32\VERSION.dll
0x00007ffa9e920000 - 0x00007ffa9e94d000 	C:\Windows\SYSTEM32\winmmbase.dll
0x00007ffaa15e0000 - 0x00007ffaa162a000 	C:\Windows\System32\cfgmgr32.dll
0x00007ffaa0c60000 - 0x00007ffaa0c71000 	C:\Windows\System32\kernel.appcore.dll
0x00007ffa9ce90000 - 0x00007ffa9cea0000 	C:\Program Files\Java\jdk1.8.0_271\jre\bin\verify.dll
0x00007ffa9a000000 - 0x00007ffa9a02b000 	C:\Program Files\Java\jdk1.8.0_271\jre\bin\java.dll
0x00007ffa8d3f0000 - 0x00007ffa8d426000 	C:\Program Files\Java\jdk1.8.0_271\jre\bin\jdwp.dll
0x00007ffa90e30000 - 0x00007ffa90e39000 	C:\Program Files\Java\jdk1.8.0_271\jre\bin\npt.dll
0x00007ffa8c5d0000 - 0x00007ffa8c600000 	C:\Program Files\Java\jdk1.8.0_271\jre\bin\instrument.dll
0x00007ffa8c640000 - 0x00007ffa8c658000 	C:\Program Files\Java\jdk1.8.0_271\jre\bin\zip.dll
0x00007ffaa22a0000 - 0x00007ffaa2985000 	C:\Windows\System32\SHELL32.dll
0x00007ffaa2fe0000 - 0x00007ffaa3089000 	C:\Windows\System32\shcore.dll
0x00007ffaa0e60000 - 0x00007ffaa15df000 	C:\Windows\System32\windows.storage.dll
0x00007ffaa0ca0000 - 0x00007ffaa0cbf000 	C:\Windows\System32\profapi.dll
0x00007ffaa0c10000 - 0x00007ffaa0c5a000 	C:\Windows\System32\powrprof.dll
0x00007ffaa0c00000 - 0x00007ffaa0c10000 	C:\Windows\System32\UMPDC.dll
0x00007ffaa3290000 - 0x00007ffaa32e2000 	C:\Windows\System32\shlwapi.dll
0x00007ffaa18d0000 - 0x00007ffaa18e7000 	C:\Windows\System32\cryptsp.dll
0x00007ffa90d00000 - 0x00007ffa90d0a000 	C:\Program Files\Java\jdk1.8.0_271\jre\bin\dt_socket.dll
0x00007ffaa0470000 - 0x00007ffaa04d7000 	C:\Windows\system32\mswsock.dll
0x00007ffa942a0000 - 0x00007ffa94494000 	C:\Windows\SYSTEM32\dbghelp.dll

VM Arguments:
jvm_args: -agentlib:jdwp=transport=dt_socket,address=127.0.0.1:49576,suspend=y,server=n -javaagent:C:\Users\Workdev\AppData\Local\JetBrains\IdeaIC2020.2\captureAgent\debugger-agent.jar -Dfile.encoding=UTF-8 
java_command: lookaheadandlookbehind.LookAhead
java_class_path (initial): C:\Program Files\Java\jdk1.8.0_271\jre\lib\charsets.jar;C:\Program Files\Java\jdk1.8.0_271\jre\lib\deploy.jar;C:\Program Files\Java\jdk1.8.0_271\jre\lib\ext\access-bridge-64.jar;C:\Program Files\Java\jdk1.8.0_271\jre\lib\ext\cldrdata.jar;C:\Program Files\Java\jdk1.8.0_271\jre\lib\ext\dnsns.jar;C:\Program Files\Java\jdk1.8.0_271\jre\lib\ext\jaccess.jar;C:\Program Files\Java\jdk1.8.0_271\jre\lib\ext\jfxrt.jar;C:\Program Files\Java\jdk1.8.0_271\jre\lib\ext\localedata.jar;C:\Program Files\Java\jdk1.8.0_271\jre\lib\ext\nashorn.jar;C:\Program Files\Java\jdk1.8.0_271\jre\lib\ext\sunec.jar;C:\Program Files\Java\jdk1.8.0_271\jre\lib\ext\sunjce_provider.jar;C:\Program Files\Java\jdk1.8.0_271\jre\lib\ext\sunmscapi.jar;C:\Program Files\Java\jdk1.8.0_271\jre\lib\ext\sunpkcs11.jar;C:\Program Files\Java\jdk1.8.0_271\jre\lib\ext\zipfs.jar;C:\Program Files\Java\jdk1.8.0_271\jre\lib\javaws.jar;C:\Program Files\Java\jdk1.8.0_271\jre\lib\jce.jar;C:\Program Files\Java\jdk1.8.0_271\jre\lib\jfr.jar;C:\Program Files\Java\jdk1.8.0_271\jre\lib\jfxswt.jar;C:\Program Files\Java\jdk1.8.0_271\jre\lib\jsse.jar;C:\Program Files\Java\jdk1.8.0_271\jre\lib\management-agent.jar;C:\Program Files\Java\jdk1.8.0_271\jre\lib\plugin.jar;C:\Program Files\Java\jdk1.8.0_271\jre\lib\resources.jar;C:\Program Files\Java\jdk1.8.0_271\jre\lib\rt.jar;E:\jdk\jdk8u312-b07;E:\EspaceBenirina\w2p\ProgramRectifMethod\target\classes;C:\Users\Workdev\.m2\repository\joda-time\joda-time\2.9.4\joda-time-2.9.4.jar;C:\Users\Workdev\.m2\repository\org\apache\commons\commons-lang3\3.12.0\commons-lang3-3.12.0.jar;C:\Users\Workdev\.m2\repository\org\apache\logging\log4j\log4j-api\2.17.1\log4j-api-2.17.1.jar;C:\Users\Workdev\.m2\repository\org\apache\logging\log4j\log4j-core\2.17.1\log4j-core-2.17.1.jar;C:\Users\Workdev\.m2\repository\org\jsoup\jsoup\1.14.2\jsoup-1.14.2.jar;C:\Users\Workdev\.m2\repository\org\apache\commons\commons-text\1.9\commons-text-1.9.jar;C:\Users\Workdev\.m2\repository\org\apache\c
Launcher Type: SUN_STANDARD

Environment Variables:
JAVA_HOME=C:\Program Files\Java\jdk1.8.0_271
PATH=C:\Program Files (x86)\NVIDIA Corporation\PhysX\Common;C:\Program Files (x86)\Common Files\Oracle\Java\javapath;C:\Windows\system32;C:\Windows;C:\Windows\System32\Wbem;C:\Windows\System32\WindowsPowerShell\v1.0\;C:\Windows\System32\OpenSSH\;c:\wapt;C:\Program Files\nodejs\;C:\Program Files (x86)\apache-maven-3.3.3\bin;C:\Program Files\Java\jdk1.8.0_271\bin;C:\Program Files (x86)\Graphviz2.38\bin;C:\Program Files\Git\cmd;C:\Users\Workdev\AppData\Local\Microsoft\WindowsApps;C:\Program Files\JetBrains\IntelliJ IDEA 2021.3.2\bin;;C:\Program Files\JetBrains\IntelliJ IDEA Community Edition 2020.2.4\bin;
USERNAME=Workdev
OS=Windows_NT
PROCESSOR_IDENTIFIER=Intel64 Family 6 Model 26 Stepping 5, GenuineIntel



---------------  S Y S T E M  ---------------

OS: Windows 10.0 , 64 bit Build 18362 (10.0.18362.329)

CPU:total 8 (initial active 8) (4 cores per cpu, 2 threads per core) family 6 model 26 stepping 5, cmov, cx8, fxsr, mmx, sse, sse2, sse3, ssse3, sse4.1, sse4.2, popcnt, ht, tsc, tscinvbit, tscinv

Memory: 4k page, physical 8371464k(697552k free), swap 21030788k(207880k free)

vm_info: Java HotSpot(TM) 64-Bit Server VM (25.271-b09) for windows-amd64 JRE (1.8.0_271-b09), built on Sep 16 2020 19:14:59 by "" with MS VC++ 15.9 (VS2017)

time: Fri Apr  8 12:01:27 2022
timezone: Russie TZ 2
elapsed time: 1.143839 seconds (0d 0h 0m 1s)

